<?xml version="1.0" encoding="UTF-8"?>
<testsuite name="I, as a user of the Tocumen application," tests="2" skipped="0" failures="0" errors="0" timestamp="2020-08-20T14:27:03" hostname="DESKTOP-IMQUEHE" time="49.81">
  <properties/>
  <testcase name="Smoke test" classname="I, as a user of the Tocumen application," time="25.325"/>
  <testcase name="PDF validation successfully" classname="I, as a user of the Tocumen application," time="24.452"/>
  <system-out><![CDATA[]]></system-out>
  <system-err><![CDATA[ago 20, 2020 9:27:04 AM org.openqa.selenium.remote.DesiredCapabilities chrome
INFORMACIÓN: Using `new ChromeOptions()` is preferred to `DesiredCapabilities.chrome()`
Starting ChromeDriver 83.0.4103.39 (ccbf011cb2d2b19b506d844400483861342c20cd-refs/branch-heads/4103@{#416}) on port 23216
Only local connections are allowed.
Please see https://chromedriver.chromium.org/security-considerations for suggestions on keeping ChromeDriver safe.
ChromeDriver was started successfully.
[1597933629.263][WARNING]: This version of ChromeDriver has not been tested with Chrome version 84.
ago 20, 2020 9:27:11 AM org.openqa.selenium.remote.ProtocolHandshake createSession
INFORMACIÓN: Detected dialect: W3C
ago 20, 2020 9:27:28 AM org.openqa.selenium.remote.DesiredCapabilities chrome
INFORMACIÓN: Using `new ChromeOptions()` is preferred to `DesiredCapabilities.chrome()`
Starting ChromeDriver 83.0.4103.39 (ccbf011cb2d2b19b506d844400483861342c20cd-refs/branch-heads/4103@{#416}) on port 37882
Only local connections are allowed.
Please see https://chromedriver.chromium.org/security-considerations for suggestions on keeping ChromeDriver safe.
ChromeDriver was started successfully.
[1597933652.911][WARNING]: This version of ChromeDriver has not been tested with Chrome version 84.
ago 20, 2020 9:27:34 AM org.openqa.selenium.remote.ProtocolHandshake createSession
INFORMACIÓN: Detected dialect: W3C
]]></system-err>
</testsuite>
